<?xml version="1.0" encoding="UTF-8"?>
<testsuite xmlns:xsi="http://www.w3.org/2001/XMLSchema-instance" xsi:noNamespaceSchemaLocation="https://maven.apache.org/surefire/maven-surefire-plugin/xsd/surefire-test-report.xsd" name="seven.winds.studio.StudioApplicationTests" time="3.992" tests="1" errors="1" skipped="0" failures="0">
  <properties>
[...]
</properties>
  <testcase name="checkGetUserById" classname="seven.winds.studio.StudioApplicationTests" time="0.168">
    <error message="could not initialize proxy [seven.winds.studio.model.User#1] - no Session" type="org.hibernate.LazyInitializationException">org.hibernate.LazyInitializationException: could not initialize proxy [seven.winds.studio.model.User#1] - no Session
	at seven.winds.studio.StudioApplicationTests.checkGetUserById(StudioApplicationTests.java:29)
</error>
    <system-out><![CDATA[17:41:06.024 [main] DEBUG org.springframework.test.context.BootstrapUtils - Instantiating CacheAwareContextLoaderDelegate from class [org.springframework.test.context.cache.DefaultCacheAwareContextLoaderDelegate]
17:41:06.031 [main] DEBUG org.springframework.test.context.BootstrapUtils - Instantiating BootstrapContext using constructor [public org.springframework.test.context.support.DefaultBootstrapContext(java.lang.Class,org.springframework.test.context.CacheAwareContextLoaderDelegate)]
17:41:06.056 [main] DEBUG org.springframework.test.context.BootstrapUtils - Instantiating TestContextBootstrapper for test class [seven.winds.studio.StudioApplicationTests] from class [org.springframework.boot.test.context.SpringBootTestContextBootstrapper]
17:41:06.063 [main] INFO org.springframework.boot.test.context.SpringBootTestContextBootstrapper - Neither @ContextConfiguration nor @ContextHierarchy found for test class [seven.winds.studio.StudioApplicationTests], using SpringBootContextLoader
17:41:06.066 [main] DEBUG org.springframework.test.context.support.AbstractContextLoader - Did not detect default resource location for test class [seven.winds.studio.StudioApplicationTests]: class path resource [seven/winds/studio/StudioApplicationTests-context.xml] does not exist
17:41:06.066 [main] DEBUG org.springframework.test.context.support.AbstractContextLoader - Did not detect default resource location for test class [seven.winds.studio.StudioApplicationTests]: class path resource [seven/winds/studio/StudioApplicationTestsContext.groovy] does not exist
17:41:06.067 [main] INFO org.springframework.test.context.support.AbstractContextLoader - Could not detect default resource locations for test class [seven.winds.studio.StudioApplicationTests]: no resource found for suffixes {-context.xml, Context.groovy}.
17:41:06.067 [main] INFO org.springframework.test.context.support.AnnotationConfigContextLoaderUtils - Could not detect default configuration classes for test class [seven.winds.studio.StudioApplicationTests]: StudioApplicationTests does not declare any static, non-private, non-final, nested classes annotated with @Configuration.
17:41:06.099 [main] DEBUG org.springframework.test.context.support.ActiveProfilesUtils - Could not find an 'annotation declaring class' for annotation type [org.springframework.test.context.ActiveProfiles] and class [seven.winds.studio.StudioApplicationTests]
17:41:06.144 [main] DEBUG org.springframework.context.annotation.ClassPathScanningCandidateComponentProvider - Identified candidate component class: file [C:\Users\jeki\Desktop\projects\Lola\studio\target\classes\seven\winds\studio\StudioApplication.class]
17:41:06.145 [main] INFO org.springframework.boot.test.context.SpringBootTestContextBootstrapper - Found @SpringBootConfiguration seven.winds.studio.StudioApplication for test class seven.winds.studio.StudioApplicationTests
17:41:06.219 [main] DEBUG org.springframework.boot.test.context.SpringBootTestContextBootstrapper - @TestExecutionListeners is not present for class [seven.winds.studio.StudioApplicationTests]: using defaults.
17:41:06.219 [main] INFO org.springframework.boot.test.context.SpringBootTestContextBootstrapper - Loaded default TestExecutionListener class names from location [META-INF/spring.factories]: [org.springframework.boot.test.mock.mockito.MockitoTestExecutionListener, org.springframework.boot.test.mock.mockito.ResetMocksTestExecutionListener, org.springframework.boot.test.autoconfigure.restdocs.RestDocsTestExecutionListener, org.springframework.boot.test.autoconfigure.web.client.MockRestServiceServerResetTestExecutionListener, org.springframework.boot.test.autoconfigure.web.servlet.MockMvcPrintOnlyOnFailureTestExecutionListener, org.springframework.boot.test.autoconfigure.web.servlet.WebDriverTestExecutionListener, org.springframework.boot.test.autoconfigure.webservices.client.MockWebServiceServerTestExecutionListener, org.springframework.test.context.web.ServletTestExecutionListener, org.springframework.test.context.support.DirtiesContextBeforeModesTestExecutionListener, org.springframework.test.context.event.ApplicationEventsTestExecutionListener, org.springframework.test.context.support.DependencyInjectionTestExecutionListener, org.springframework.test.context.support.DirtiesContextTestExecutionListener, org.springframework.test.context.transaction.TransactionalTestExecutionListener, org.springframework.test.context.jdbc.SqlScriptsTestExecutionListener, org.springframework.test.context.event.EventPublishingTestExecutionListener]
17:41:06.232 [main] INFO org.springframework.boot.test.context.SpringBootTestContextBootstrapper - Using TestExecutionListeners: [org.springframework.test.context.web.ServletTestExecutionListener@2371aaca, org.springframework.test.context.support.DirtiesContextBeforeModesTestExecutionListener@5b529706, org.springframework.test.context.event.ApplicationEventsTestExecutionListener@63fdab07, org.springframework.boot.test.mock.mockito.MockitoTestExecutionListener@7b5a12ae, org.springframework.boot.test.autoconfigure.SpringBootDependencyInjectionTestExecutionListener@5553d0f5, org.springframework.test.context.support.DirtiesContextTestExecutionListener@1af687fe, org.springframework.test.context.transaction.TransactionalTestExecutionListener@14dda234, org.springframework.test.context.jdbc.SqlScriptsTestExecutionListener@3f390d63, org.springframework.test.context.event.EventPublishingTestExecutionListener@74a6a609, org.springframework.boot.test.mock.mockito.ResetMocksTestExecutionListener@5a411614, org.springframework.boot.test.autoconfigure.restdocs.RestDocsTestExecutionListener@2374d36a, org.springframework.boot.test.autoconfigure.web.client.MockRestServiceServerResetTestExecutionListener@54d18072, org.springframework.boot.test.autoconfigure.web.servlet.MockMvcPrintOnlyOnFailureTestExecutionListener@1506f20f, org.springframework.boot.test.autoconfigure.web.servlet.WebDriverTestExecutionListener@47a5b70d, org.springframework.boot.test.autoconfigure.webservices.client.MockWebServiceServerTestExecutionListener@424fd310]
17:41:06.235 [main] DEBUG org.springframework.test.context.support.AbstractDirtiesContextTestExecutionListener - Before test class: context [DefaultTestContext@7fe7c640 testClass = StudioApplicationTests, testInstance = [null], testMethod = [null], testException = [null], mergedContextConfiguration = [WebMergedContextConfiguration@4c4748bf testClass = StudioApplicationTests, locations = '{}', classes = '{class seven.winds.studio.StudioApplication}', contextInitializerClasses = '[]', activeProfiles = '{}', propertySourceLocations = '{}', propertySourceProperties = '{org.springframework.boot.test.context.SpringBootTestContextBootstrapper=true}', contextCustomizers = set[org.springframework.boot.test.context.filter.ExcludeFilterContextCustomizer@93081b6, org.springframework.boot.test.json.DuplicateJsonObjectContextCustomizerFactory$DuplicateJsonObjectContextCustomizer@16c069df, org.springframework.boot.test.mock.mockito.MockitoContextCustomizer@0, org.springframework.boot.test.web.client.TestRestTemplateContextCustomizer@1df8b5b8, org.springframework.boot.test.autoconfigure.actuate.metrics.MetricsExportContextCustomizerFactory$DisableMetricExportContextCustomizer@2cb2fc20, org.springframework.boot.test.autoconfigure.properties.PropertyMappingContextCustomizer@0, org.springframework.boot.test.autoconfigure.web.servlet.WebDriverContextCustomizerFactory$Customizer@4c012563, org.springframework.boot.test.context.SpringBootTestArgs@1, org.springframework.boot.test.context.SpringBootTestWebEnvironment@3911c2a7], resourceBasePath = 'src/main/webapp', contextLoader = 'org.springframework.boot.test.context.SpringBootContextLoader', parent = [null]], attributes = map['org.springframework.test.context.web.ServletTestExecutionListener.activateListener' -> true]], class annotated with @DirtiesContext [false] with mode [null].

  .   ____          _            __ _ _
 /\\ / ___'_ __ _ _(_)_ __  __ _ \ \ \ \
( ( )\___ | '_ | '_| | '_ \/ _` | \ \ \ \
 \\/  ___)| |_)| | | | | || (_| |  ) ) ) )
  '  |____| .__|_| |_|_| |_\__, | / / / /
 =========|_|==============|___/=/_/_/_/
 :: Spring Boot ::                (v2.7.6)

2022-12-15 17:41:06.529  INFO 1884 --- [           main] s.winds.studio.StudioApplicationTests    : Starting StudioApplicationTests using Java 11.0.16.1 on DESKTOP-8GH92JB with PID 1884 (started by jeki in C:\Users\jeki\Desktop\projects\Lola\studio)
2022-12-15 17:41:06.530  INFO 1884 --- [           main] s.winds.studio.StudioApplicationTests    : No active profile set, falling back to 1 default profile: "default"
2022-12-15 17:41:07.027  INFO 1884 --- [           main] .s.d.r.c.RepositoryConfigurationDelegate : Bootstrapping Spring Data JPA repositories in DEFAULT mode.
2022-12-15 17:41:07.064  INFO 1884 --- [           main] .s.d.r.c.RepositoryConfigurationDelegate : Finished Spring Data repository scanning in 31 ms. Found 1 JPA repository interfaces.
2022-12-15 17:41:07.509  INFO 1884 --- [           main] o.f.c.internal.license.VersionPrinter    : Flyway Community Edition 9.8.1 by Redgate
2022-12-15 17:41:07.509  INFO 1884 --- [           main] o.f.c.internal.license.VersionPrinter    : See what's new here: https://flywaydb.org/documentation/learnmore/releaseNotes#9.8.1
2022-12-15 17:41:07.509  INFO 1884 --- [           main] o.f.c.internal.license.VersionPrinter    : 
2022-12-15 17:41:07.517  INFO 1884 --- [           main] com.zaxxer.hikari.HikariDataSource       : HikariPool-1 - Starting...
2022-12-15 17:41:07.852  INFO 1884 --- [           main] com.zaxxer.hikari.HikariDataSource       : HikariPool-1 - Start completed.
2022-12-15 17:41:07.868  INFO 1884 --- [           main] o.f.c.i.database.base.BaseDatabaseType   : Database: jdbc:postgresql://localhost:5432/test (PostgreSQL 14.2)
2022-12-15 17:41:07.904  INFO 1884 --- [           main] o.f.core.internal.command.DbValidate     : Successfully validated 1 migration (execution time 00:00.019s)
2022-12-15 17:41:07.937  INFO 1884 --- [           main] o.f.core.internal.command.DbMigrate      : Current version of schema "public": 1
2022-12-15 17:41:07.937  INFO 1884 --- [           main] o.f.core.internal.command.DbMigrate      : Schema "public" is up to date. No migration necessary.
2022-12-15 17:41:08.107  INFO 1884 --- [           main] o.hibernate.jpa.internal.util.LogHelper  : HHH000204: Processing PersistenceUnitInfo [name: default]
2022-12-15 17:41:08.150  INFO 1884 --- [           main] org.hibernate.Version                    : HHH000412: Hibernate ORM core version 5.6.14.Final
2022-12-15 17:41:08.288  INFO 1884 --- [           main] o.hibernate.annotations.common.Version   : HCANN000001: Hibernate Commons Annotations {5.1.2.Final}
2022-12-15 17:41:08.420  INFO 1884 --- [           main] org.hibernate.dialect.Dialect            : HHH000400: Using dialect: org.hibernate.dialect.PostgreSQL10Dialect
2022-12-15 17:41:08.860  INFO 1884 --- [           main] o.h.e.t.j.p.i.JtaPlatformInitiator       : HHH000490: Using JtaPlatform implementation: [org.hibernate.engine.transaction.jta.platform.internal.NoJtaPlatform]
2022-12-15 17:41:08.866  INFO 1884 --- [           main] j.LocalContainerEntityManagerFactoryBean : Initialized JPA EntityManagerFactory for persistence unit 'default'
2022-12-15 17:41:09.320  WARN 1884 --- [           main] JpaBaseConfiguration$JpaWebConfiguration : spring.jpa.open-in-view is enabled by default. Therefore, database queries may be performed during view rendering. Explicitly configure spring.jpa.open-in-view to disable this warning
2022-12-15 17:41:09.784  INFO 1884 --- [           main] s.winds.studio.StudioApplicationTests    : Started StudioApplicationTests in 3.518 seconds (JVM running for 4.244)
]]></system-out>
  </testcase>
</testsuite>